{"/home/doc/webforce/cours/algo-test/algo.js": {"path":"/home/doc/webforce/cours/algo-test/algo.js","statementMap":{"0":{"start":{"line":4,"column":0},"end":{"line":9,"column":1}},"1":{"start":{"line":4,"column":13},"end":{"line":4,"column":14}},"2":{"start":{"line":5,"column":4},"end":{"line":8,"column":24}},"3":{"start":{"line":5,"column":21},"end":{"line":5,"column":45}},"4":{"start":{"line":6,"column":9},"end":{"line":8,"column":24}},"5":{"start":{"line":6,"column":25},"end":{"line":6,"column":45}},"6":{"start":{"line":7,"column":9},"end":{"line":8,"column":24}},"7":{"start":{"line":7,"column":25},"end":{"line":7,"column":45}},"8":{"start":{"line":8,"column":9},"end":{"line":8,"column":24}},"9":{"start":{"line":14,"column":0},"end":{"line":14,"column":10}},"10":{"start":{"line":17,"column":0},"end":{"line":17,"column":25}}},"fnMap":{"0":{"name":"GogoKodo","decl":{"start":{"line":3,"column":9},"end":{"line":3,"column":17}},"loc":{"start":{"line":3,"column":19},"end":{"line":11,"column":1}},"line":3}},"branchMap":{"0":{"loc":{"start":{"line":5,"column":4},"end":{"line":8,"column":24}},"type":"if","locations":[{"start":{"line":5,"column":4},"end":{"line":8,"column":24}},{"start":{"line":6,"column":9},"end":{"line":8,"column":24}}],"line":5},"1":{"loc":{"start":{"line":6,"column":9},"end":{"line":8,"column":24}},"type":"if","locations":[{"start":{"line":6,"column":9},"end":{"line":8,"column":24}},{"start":{"line":7,"column":9},"end":{"line":8,"column":24}}],"line":6},"2":{"loc":{"start":{"line":7,"column":9},"end":{"line":8,"column":24}},"type":"if","locations":[{"start":{"line":7,"column":9},"end":{"line":8,"column":24}},{"start":{"line":8,"column":9},"end":{"line":8,"column":24}}],"line":7}},"s":{"0":6,"1":6,"2":600,"3":36,"4":564,"5":162,"6":402,"7":84,"8":318,"9":1,"10":1},"f":{"0":6},"b":{"0":[36,564],"1":[162,402],"2":[84,318]},"_coverageSchema":"1a1c01bbd47fc00a2c39e90264f33305004495a9","hash":"b1a331705cd6879476d1e28a94b47aebd8f517fb"}
}
